<?xml version="1.0" encoding="UTF-8"?>
<testsuite name="Authentication SauceLab" tests="1" skipped="0" failures="0" errors="0" timestamp="2022-07-09T20:36:53" hostname="DESKTOP-OP97JJG" time="10.756">
  <properties/>
  <testcase name="Successful login SauceLab" classname="Authentication SauceLab" time="10.756"/>
  <system-out><![CDATA[]]></system-out>
  <system-err><![CDATA[jul 09, 2022 3:36:53 PM org.openqa.selenium.remote.DesiredCapabilities chrome
INFORMACIÓN: Using `new ChromeOptions()` is preferred to `DesiredCapabilities.chrome()`
Starting ChromeDriver 102.0.5005.61 (0e59bcc00cc4985ce39ad31c150065f159d95ad3-refs/branch-heads/5005@{#819}) on port 12654
Only local connections are allowed.
Please see https://chromedriver.chromium.org/security-considerations for suggestions on keeping ChromeDriver safe.
ChromeDriver was started successfully.
[1657399015.796][WARNING]: This version of ChromeDriver has not been tested with Chrome version 103.
jul 09, 2022 3:36:55 PM org.openqa.selenium.remote.ProtocolHandshake createSession
INFORMACIÓN: Detected dialect: W3C
[Test worker] INFO net.thucydides.core.steps.ConsoleLoggingListener - 
        __    _____ _____ ____ _____   ____   _    ____  ____  _____ ____  
  _     \ \  |_   _| ____/ ___|_   _| |  _ \ / \  / ___|/ ___|| ____|  _ \ 
 (_)_____| |   | | |  _| \___ \ | |   | |_) / _ \ \___ \\___ \|  _| | | | |
  _|_____| |   | | | |___ ___) || |   |  __/ ___ \ ___) |___) | |___| |_| |
 (_)     | |   |_| |_____|____/ |_|   |_| /_/   \_\____/|____/|_____|____/ 
        /_/                                                                

TEST PASSED: Successful login SauceLab
----------------------------------------------------------------------------
]]></system-err>
</testsuite>
